# JRE version: Java(TM) SE Runtime Environment (17.0.11+7) (build 17.0.11+7-LTS-207)
# Java VM: Java HotSpot(TM) 64-Bit Server VM (17.0.11+7-LTS-207, mixed mode, sharing, tiered, compressed oops, compressed class ptrs, g1 gc, windows-amd64)
GC Precious Log:
 CPUs: 12 total, 12 available
 Memory: 8038M
 Large Page Support: Disabled
 NUMA Support: Disabled
 Compressed Oops: Enabled (32-bit)
 Heap Region Size: 1M
 Heap Min Capacity: 8M
 Heap Initial Capacity: 126M
 Heap Max Capacity: 2010M
 Pre-touch: Disabled
 Parallel Workers: 10
 Concurrent Workers: 3
 Concurrent Refinement Workers: 10
 Periodic GC: Disabled
Heap:
 garbage-first heap   total 87040K, used 54174K [0x0000000082600000, 0x0000000100000000)
  region size 1024K, 3 young (3072K), 1 survivors (1024K)
 Metaspace       used 49984K, committed 50240K, reserved 1114112K
  class space    used 6009K, committed 6144K, reserved 1048576K
GC Heap History (20 events):
Event: 6.831 GC heap before
{Heap before GC invocations=4 (full 0):
 garbage-first heap   total 61440K, used 48707K [0x0000000082600000, 0x0000000100000000)
  region size 1024K, 43 young (44032K), 9 survivors (9216K)
 Metaspace       used 29416K, committed 29696K, reserved 1114112K
  class space    used 3763K, committed 3904K, reserved 1048576K
}
Event: 6.860 GC heap after
{Heap after GC invocations=5 (full 0):
 garbage-first heap   total 62464K, used 17804K [0x0000000082600000, 0x0000000100000000)
  region size 1024K, 3 young (3072K), 3 survivors (3072K)
 Metaspace       used 29416K, committed 29696K, reserved 1114112K
  class space    used 3763K, committed 3904K, reserved 1048576K
}
Event: 8.457 GC heap before
{Heap before GC invocations=6 (full 0):
 garbage-first heap   total 62464K, used 44428K [0x0000000082600000, 0x0000000100000000)
  region size 1024K, 29 young (29696K), 3 survivors (3072K)
 Metaspace       used 33267K, committed 33536K, reserved 1114112K
  class space    used 4100K, committed 4224K, reserved 1048576K
}
Event: 8.482 GC heap after
{Heap after GC invocations=7 (full 0):
 garbage-first heap   total 62464K, used 22942K [0x0000000082600000, 0x0000000100000000)
  region size 1024K, 4 young (4096K), 4 survivors (4096K)
 Metaspace       used 33267K, committed 33536K, reserved 1114112K
  class space    used 4100K, committed 4224K, reserved 1048576K
}
Event: 9.913 GC heap before
{Heap before GC invocations=7 (full 0):
 garbage-first heap   total 62464K, used 43422K [0x0000000082600000, 0x0000000100000000)
  region size 1024K, 25 young (25600K), 4 survivors (4096K)
 Metaspace       used 36756K, committed 36992K, reserved 1114112K
  class space    used 4461K, committed 4608K, reserved 1048576K
}
Event: 9.938 GC heap after
{Heap after GC invocations=8 (full 0):
 garbage-first heap   total 62464K, used 26343K [0x0000000082600000, 0x0000000100000000)
  region size 1024K, 3 young (3072K), 3 survivors (3072K)
 Metaspace       used 36756K, committed 36992K, reserved 1114112K
  class space    used 4461K, committed 4608K, reserved 1048576K
}
Event: 11.133 GC heap before
{Heap before GC invocations=8 (full 0):
 garbage-first heap   total 62464K, used 45799K [0x0000000082600000, 0x0000000100000000)
  region size 1024K, 22 young (22528K), 3 survivors (3072K)
 Metaspace       used 39873K, committed 40192K, reserved 1114112K
  class space    used 4787K, committed 4928K, reserved 1048576K
}
Event: 11.155 GC heap after
{Heap after GC invocations=9 (full 0):
 garbage-first heap   total 62464K, used 28671K [0x0000000082600000, 0x0000000100000000)
  region size 1024K, 3 young (3072K), 3 survivors (3072K)
 Metaspace       used 39873K, committed 40192K, reserved 1114112K
  class space    used 4787K, committed 4928K, reserved 1048576K
}
Event: 11.957 GC heap before
{Heap before GC invocations=9 (full 0):
 garbage-first heap   total 62464K, used 48127K [0x0000000082600000, 0x0000000100000000)
  region size 1024K, 21 young (21504K), 3 survivors (3072K)
 Metaspace       used 40878K, committed 41152K, reserved 1114112K
  class space    used 4867K, committed 4992K, reserved 1048576K
}
Event: 11.983 GC heap after
{Heap after GC invocations=10 (full 0):
 garbage-first heap   total 75776K, used 35313K [0x0000000082600000, 0x0000000100000000)
  region size 1024K, 3 young (3072K), 3 survivors (3072K)
 Metaspace       used 40878K, committed 41152K, reserved 1114112K
  class space    used 4867K, committed 4992K, reserved 1048576K
}
Event: 12.559 GC heap before
{Heap before GC invocations=10 (full 0):
 garbage-first heap   total 75776K, used 54769K [0x0000000082600000, 0x0000000100000000)
  region size 1024K, 23 young (23552K), 3 survivors (3072K)
 Metaspace       used 41151K, committed 41408K, reserved 1114112K
  class space    used 4870K, committed 4992K, reserved 1048576K
}
Event: 12.588 GC heap after
{Heap after GC invocations=11 (full 0):
 garbage-first heap   total 75776K, used 42314K [0x0000000082600000, 0x0000000100000000)
  region size 1024K, 3 young (3072K), 3 survivors (3072K)
 Metaspace       used 41151K, committed 41408K, reserved 1114112K
  class space    used 4870K, committed 4992K, reserved 1048576K
}
Event: 13.543 GC heap before
{Heap before GC invocations=11 (full 0):
 garbage-first heap   total 75776K, used 56650K [0x0000000082600000, 0x0000000100000000)
  region size 1024K, 17 young (17408K), 3 survivors (3072K)
 Metaspace       used 44660K, committed 44928K, reserved 1114112K
  class space    used 5307K, committed 5440K, reserved 1048576K
}
Event: 13.558 GC heap after
{Heap after GC invocations=12 (full 0):
 garbage-first heap   total 75776K, used 44958K [0x0000000082600000, 0x0000000100000000)
  region size 1024K, 2 young (2048K), 2 survivors (2048K)
 Metaspace       used 44660K, committed 44928K, reserved 1114112K
  class space    used 5307K, committed 5440K, reserved 1048576K
}
Event: 14.882 GC heap before
{Heap before GC invocations=13 (full 0):
 garbage-first heap   total 76800K, used 58270K [0x0000000082600000, 0x0000000100000000)
  region size 1024K, 15 young (15360K), 2 survivors (2048K)
 Metaspace       used 47258K, committed 47488K, reserved 1114112K
  class space    used 5727K, committed 5824K, reserved 1048576K
}
Event: 14.898 GC heap after
{Heap after GC invocations=14 (full 0):
 garbage-first heap   total 76800K, used 47361K [0x0000000082600000, 0x0000000100000000)
  region size 1024K, 2 young (2048K), 2 survivors (2048K)
 Metaspace       used 47258K, committed 47488K, reserved 1114112K
  class space    used 5727K, committed 5824K, reserved 1048576K
}
Event: 15.650 GC heap before
{Heap before GC invocations=14 (full 0):
 garbage-first heap   total 76800K, used 58625K [0x0000000082600000, 0x0000000100000000)
  region size 1024K, 14 young (14336K), 2 survivors (2048K)
 Metaspace       used 48468K, committed 48704K, reserved 1114112K
  class space    used 5858K, committed 5952K, reserved 1048576K
}
Event: 15.670 GC heap after
{Heap after GC invocations=15 (full 0):
 garbage-first heap   total 76800K, used 49763K [0x0000000082600000, 0x0000000100000000)
  region size 1024K, 2 young (2048K), 2 survivors (2048K)
 Metaspace       used 48468K, committed 48704K, reserved 1114112K
  class space    used 5858K, committed 5952K, reserved 1048576K
}
Event: 16.056 GC heap before
{Heap before GC invocations=16 (full 0):
 garbage-first heap   total 87040K, used 60003K [0x0000000082600000, 0x0000000100000000)
  region size 1024K, 13 young (13312K), 2 survivors (2048K)
 Metaspace       used 49970K, committed 50240K, reserved 1114112K
  class space    used 6009K, committed 6144K, reserved 1048576K
}
Event: 16.072 GC heap after
{Heap after GC invocations=17 (full 0):
 garbage-first heap   total 87040K, used 52126K [0x0000000082600000, 0x0000000100000000)
  region size 1024K, 2 young (2048K), 2 survivors (2048K)
 Metaspace       used 49970K, committed 50240K, reserved 1114112K
  class space    used 6009K, committed 6144K, reserved 1048576K
}

