# JRE version: Java(TM) SE Runtime Environment (17.0.11+7) (build 17.0.11+7-LTS-207)
# Java VM: Java HotSpot(TM) 64-Bit Server VM (17.0.11+7-LTS-207, mixed mode, sharing, tiered, compressed oops, compressed class ptrs, g1 gc, windows-amd64)
GC Precious Log:
 CPUs: 12 total, 12 available
 Memory: 8038M
 Large Page Support: Disabled
 NUMA Support: Disabled
 Compressed Oops: Enabled (32-bit)
 Heap Region Size: 1M
 Heap Min Capacity: 8M
 Heap Initial Capacity: 126M
 Heap Max Capacity: 2010M
 Pre-touch: Disabled
 Parallel Workers: 10
 Concurrent Workers: 3
 Concurrent Refinement Workers: 10
 Periodic GC: Disabled
Heap:
 garbage-first heap   total 75776K, used 48256K [0x0000000082600000, 0x0000000100000000)
  region size 1024K, 14 young (14336K), 2 survivors (2048K)
 Metaspace       used 49709K, committed 49984K, reserved 1114112K
  class space    used 6143K, committed 6272K, reserved 1048576K
GC Heap History (20 events):
Event: 1.651 GC heap before
{Heap before GC invocations=0 (full 0):
 garbage-first heap   total 129024K, used 26624K [0x0000000082600000, 0x0000000100000000)
  region size 1024K, 23 young (23552K), 0 survivors (0K)
 Metaspace       used 6874K, committed 6976K, reserved 1114112K
  class space    used 711K, committed 768K, reserved 1048576K
}
Event: 1.691 GC heap after
{Heap after GC invocations=1 (full 0):
 garbage-first heap   total 129024K, used 6079K [0x0000000082600000, 0x0000000100000000)
  region size 1024K, 3 young (3072K), 3 survivors (3072K)
 Metaspace       used 6874K, committed 6976K, reserved 1114112K
  class space    used 711K, committed 768K, reserved 1048576K
}
Event: 3.285 GC heap before
{Heap before GC invocations=1 (full 0):
 garbage-first heap   total 129024K, used 38847K [0x0000000082600000, 0x0000000100000000)
  region size 1024K, 35 young (35840K), 3 survivors (3072K)
 Metaspace       used 16382K, committed 16640K, reserved 1114112K
  class space    used 1865K, committed 1984K, reserved 1048576K
}
Event: 3.295 GC heap after
{Heap after GC invocations=2 (full 0):
 garbage-first heap   total 129024K, used 8162K [0x0000000082600000, 0x0000000100000000)
  region size 1024K, 2 young (2048K), 2 survivors (2048K)
 Metaspace       used 16382K, committed 16640K, reserved 1114112K
  class space    used 1865K, committed 1984K, reserved 1048576K
}
Event: 4.940 GC heap before
{Heap before GC invocations=2 (full 0):
 garbage-first heap   total 129024K, used 35810K [0x0000000082600000, 0x0000000100000000)
  region size 1024K, 30 young (30720K), 2 survivors (2048K)
 Metaspace       used 21331K, committed 21504K, reserved 1114112K
  class space    used 2489K, committed 2560K, reserved 1048576K
}
Event: 4.956 GC heap after
{Heap after GC invocations=3 (full 0):
 garbage-first heap   total 129024K, used 14032K [0x0000000082600000, 0x0000000100000000)
  region size 1024K, 8 young (8192K), 8 survivors (8192K)
 Metaspace       used 21331K, committed 21504K, reserved 1114112K
  class space    used 2489K, committed 2560K, reserved 1048576K
}
Event: 6.454 GC heap before
{Heap before GC invocations=4 (full 0):
 garbage-first heap   total 55296K, used 38608K [0x0000000082600000, 0x0000000100000000)
  region size 1024K, 32 young (32768K), 8 survivors (8192K)
 Metaspace       used 26961K, committed 27136K, reserved 1114112K
  class space    used 3532K, committed 3584K, reserved 1048576K
}
Event: 6.480 GC heap after
{Heap after GC invocations=5 (full 0):
 garbage-first heap   total 55296K, used 16338K [0x0000000082600000, 0x0000000100000000)
  region size 1024K, 3 young (3072K), 3 survivors (3072K)
 Metaspace       used 26961K, committed 27136K, reserved 1114112K
  class space    used 3532K, committed 3584K, reserved 1048576K
}
Event: 7.748 GC heap before
{Heap before GC invocations=5 (full 0):
 garbage-first heap   total 55296K, used 37842K [0x0000000082600000, 0x0000000100000000)
  region size 1024K, 25 young (25600K), 3 survivors (3072K)
 Metaspace       used 32626K, committed 32960K, reserved 1114112K
  class space    used 4081K, committed 4224K, reserved 1048576K
}
Event: 7.761 GC heap after
{Heap after GC invocations=6 (full 0):
 garbage-first heap   total 55296K, used 17752K [0x0000000082600000, 0x0000000100000000)
  region size 1024K, 4 young (4096K), 4 survivors (4096K)
 Metaspace       used 32626K, committed 32960K, reserved 1114112K
  class space    used 4081K, committed 4224K, reserved 1048576K
}
Event: 8.592 GC heap before
{Heap before GC invocations=6 (full 0):
 garbage-first heap   total 55296K, used 30040K [0x0000000082600000, 0x0000000100000000)
  region size 1024K, 18 young (18432K), 4 survivors (4096K)
 Metaspace       used 35764K, committed 35968K, reserved 1114112K
  class space    used 4428K, committed 4544K, reserved 1048576K
}
Event: 8.606 GC heap after
{Heap after GC invocations=7 (full 0):
 garbage-first heap   total 66560K, used 18719K [0x0000000082600000, 0x0000000100000000)
  region size 1024K, 3 young (3072K), 3 survivors (3072K)
 Metaspace       used 35764K, committed 35968K, reserved 1114112K
  class space    used 4428K, committed 4544K, reserved 1048576K
}
Event: 11.786 GC heap before
{Heap before GC invocations=8 (full 0):
 garbage-first heap   total 66560K, used 47391K [0x0000000082600000, 0x0000000100000000)
  region size 1024K, 31 young (31744K), 3 survivors (3072K)
 Metaspace       used 43130K, committed 43456K, reserved 1114112K
  class space    used 5354K, committed 5504K, reserved 1048576K
}
Event: 11.803 GC heap after
{Heap after GC invocations=9 (full 0):
 garbage-first heap   total 66560K, used 20392K [0x0000000082600000, 0x0000000100000000)
  region size 1024K, 3 young (3072K), 3 survivors (3072K)
 Metaspace       used 43130K, committed 43456K, reserved 1114112K
  class space    used 5354K, committed 5504K, reserved 1048576K
}
Event: 13.958 GC heap before
{Heap before GC invocations=9 (full 0):
 garbage-first heap   total 66560K, used 50088K [0x0000000082600000, 0x0000000100000000)
  region size 1024K, 31 young (31744K), 3 survivors (3072K)
 Metaspace       used 45930K, committed 46208K, reserved 1114112K
  class space    used 5664K, committed 5760K, reserved 1048576K
}
Event: 13.994 GC heap after
{Heap after GC invocations=10 (full 0):
 garbage-first heap   total 66560K, used 29291K [0x0000000082600000, 0x0000000100000000)
  region size 1024K, 4 young (4096K), 4 survivors (4096K)
 Metaspace       used 45930K, committed 46208K, reserved 1114112K
  class space    used 5664K, committed 5760K, reserved 1048576K
}
Event: 14.648 GC heap before
{Heap before GC invocations=10 (full 0):
 garbage-first heap   total 66560K, used 47723K [0x0000000082600000, 0x0000000100000000)
  region size 1024K, 22 young (22528K), 4 survivors (4096K)
 Metaspace       used 46748K, committed 47040K, reserved 1114112K
  class space    used 5758K, committed 5888K, reserved 1048576K
}
Event: 14.678 GC heap after
{Heap after GC invocations=11 (full 0):
 garbage-first heap   total 66560K, used 35456K [0x0000000082600000, 0x0000000100000000)
  region size 1024K, 3 young (3072K), 3 survivors (3072K)
 Metaspace       used 46748K, committed 47040K, reserved 1114112K
  class space    used 5758K, committed 5888K, reserved 1048576K
}
Event: 15.544 GC heap before
{Heap before GC invocations=11 (full 0):
 garbage-first heap   total 66560K, used 48768K [0x0000000082600000, 0x0000000100000000)
  region size 1024K, 16 young (16384K), 3 survivors (3072K)
 Metaspace       used 48937K, committed 49152K, reserved 1114112K
  class space    used 6048K, committed 6144K, reserved 1048576K
}
Event: 15.561 GC heap after
{Heap after GC invocations=12 (full 0):
 garbage-first heap   total 66560K, used 38016K [0x0000000082600000, 0x0000000100000000)
  region size 1024K, 2 young (2048K), 2 survivors (2048K)
 Metaspace       used 48937K, committed 49152K, reserved 1114112K
  class space    used 6048K, committed 6144K, reserved 1048576K
}

