# JRE version: Java(TM) SE Runtime Environment (17.0.11+7) (build 17.0.11+7-LTS-207)
# Java VM: Java HotSpot(TM) 64-Bit Server VM (17.0.11+7-LTS-207, mixed mode, sharing, tiered, compressed oops, compressed class ptrs, g1 gc, windows-amd64)
GC Precious Log:
 CPUs: 12 total, 12 available
 Memory: 8038M
 Large Page Support: Disabled
 NUMA Support: Disabled
 Compressed Oops: Enabled (32-bit)
 Heap Region Size: 1M
 Heap Min Capacity: 8M
 Heap Initial Capacity: 126M
 Heap Max Capacity: 2010M
 Pre-touch: Disabled
 Parallel Workers: 10
 Concurrent Workers: 3
 Concurrent Refinement Workers: 10
 Periodic GC: Disabled
Heap:
 garbage-first heap   total 108544K, used 63029K [0x0000000082600000, 0x0000000100000000)
  region size 1024K, 16 young (16384K), 1 survivors (1024K)
 Metaspace       used 49028K, committed 49280K, reserved 1114112K
  class space    used 5942K, committed 6080K, reserved 1048576K
GC Heap History (20 events):
Event: 6.855 GC heap before
{Heap before GC invocations=4 (full 0):
 garbage-first heap   total 58368K, used 45570K [0x0000000082600000, 0x0000000100000000)
  region size 1024K, 40 young (40960K), 8 survivors (8192K)
 Metaspace       used 28874K, committed 29120K, reserved 1114112K
  class space    used 3723K, committed 3840K, reserved 1048576K
}
Event: 6.881 GC heap after
{Heap after GC invocations=5 (full 0):
 garbage-first heap   total 58368K, used 16730K [0x0000000082600000, 0x0000000100000000)
  region size 1024K, 3 young (3072K), 3 survivors (3072K)
 Metaspace       used 28874K, committed 29120K, reserved 1114112K
  class space    used 3723K, committed 3840K, reserved 1048576K
}
Event: 8.299 GC heap before
{Heap before GC invocations=6 (full 0):
 garbage-first heap   total 58368K, used 40282K [0x0000000082600000, 0x0000000100000000)
  region size 1024K, 27 young (27648K), 3 survivors (3072K)
 Metaspace       used 33315K, committed 33536K, reserved 1114112K
  class space    used 4117K, committed 4224K, reserved 1048576K
}
Event: 8.321 GC heap after
{Heap after GC invocations=7 (full 0):
 garbage-first heap   total 58368K, used 20865K [0x0000000082600000, 0x0000000100000000)
  region size 1024K, 4 young (4096K), 4 survivors (4096K)
 Metaspace       used 33315K, committed 33536K, reserved 1114112K
  class space    used 4117K, committed 4224K, reserved 1048576K
}
Event: 9.165 GC heap before
{Heap before GC invocations=7 (full 0):
 garbage-first heap   total 58368K, used 41345K [0x0000000082600000, 0x0000000100000000)
  region size 1024K, 25 young (25600K), 4 survivors (4096K)
 Metaspace       used 35503K, committed 35712K, reserved 1114112K
  class space    used 4305K, committed 4416K, reserved 1048576K
}
Event: 9.196 GC heap after
{Heap after GC invocations=8 (full 0):
 garbage-first heap   total 58368K, used 25119K [0x0000000082600000, 0x0000000100000000)
  region size 1024K, 4 young (4096K), 4 survivors (4096K)
 Metaspace       used 35503K, committed 35712K, reserved 1114112K
  class space    used 4305K, committed 4416K, reserved 1048576K
}
Event: 10.952 GC heap before
{Heap before GC invocations=8 (full 0):
 garbage-first heap   total 58368K, used 43551K [0x0000000082600000, 0x0000000100000000)
  region size 1024K, 22 young (22528K), 4 survivors (4096K)
 Metaspace       used 38639K, committed 38912K, reserved 1114112K
  class space    used 4658K, committed 4800K, reserved 1048576K
}
Event: 10.976 GC heap after
{Heap after GC invocations=9 (full 0):
 garbage-first heap   total 70656K, used 27657K [0x0000000082600000, 0x0000000100000000)
  region size 1024K, 3 young (3072K), 3 survivors (3072K)
 Metaspace       used 38639K, committed 38912K, reserved 1114112K
  class space    used 4658K, committed 4800K, reserved 1048576K
}
Event: 11.333 GC heap before
{Heap before GC invocations=9 (full 0):
 garbage-first heap   total 70656K, used 51209K [0x0000000082600000, 0x0000000100000000)
  region size 1024K, 26 young (26624K), 3 survivors (3072K)
 Metaspace       used 39090K, committed 39360K, reserved 1114112K
  class space    used 4701K, committed 4864K, reserved 1048576K
}
Event: 11.362 GC heap after
{Heap after GC invocations=10 (full 0):
 garbage-first heap   total 70656K, used 36147K [0x0000000082600000, 0x0000000100000000)
  region size 1024K, 4 young (4096K), 4 survivors (4096K)
 Metaspace       used 39090K, committed 39360K, reserved 1114112K
  class space    used 4701K, committed 4864K, reserved 1048576K
}
Event: 12.395 GC heap before
{Heap before GC invocations=10 (full 0):
 garbage-first heap   total 70656K, used 51507K [0x0000000082600000, 0x0000000100000000)
  region size 1024K, 20 young (20480K), 4 survivors (4096K)
 Metaspace       used 41196K, committed 41472K, reserved 1114112K
  class space    used 4939K, committed 5056K, reserved 1048576K
}
Event: 12.438 GC heap after
{Heap after GC invocations=11 (full 0):
 garbage-first heap   total 70656K, used 40352K [0x0000000082600000, 0x0000000100000000)
  region size 1024K, 3 young (3072K), 3 survivors (3072K)
 Metaspace       used 41196K, committed 41472K, reserved 1114112K
  class space    used 4939K, committed 5056K, reserved 1048576K
}
Event: 13.475 GC heap before
{Heap before GC invocations=12 (full 0):
 garbage-first heap   total 70656K, used 53664K [0x0000000082600000, 0x0000000100000000)
  region size 1024K, 16 young (16384K), 3 survivors (3072K)
 Metaspace       used 45344K, committed 45568K, reserved 1114112K
  class space    used 5544K, committed 5632K, reserved 1048576K
}
Event: 13.488 GC heap after
{Heap after GC invocations=13 (full 0):
 garbage-first heap   total 70656K, used 41672K [0x0000000082600000, 0x0000000100000000)
  region size 1024K, 1 young (1024K), 1 survivors (1024K)
 Metaspace       used 45344K, committed 45568K, reserved 1114112K
  class space    used 5544K, committed 5632K, reserved 1048576K
}
Event: 14.462 GC heap before
{Heap before GC invocations=13 (full 0):
 garbage-first heap   total 70656K, used 54984K [0x0000000082600000, 0x0000000100000000)
  region size 1024K, 14 young (14336K), 1 survivors (1024K)
 Metaspace       used 46695K, committed 46976K, reserved 1114112K
  class space    used 5700K, committed 5824K, reserved 1048576K
}
Event: 14.483 GC heap after
{Heap after GC invocations=14 (full 0):
 garbage-first heap   total 70656K, used 45972K [0x0000000082600000, 0x0000000100000000)
  region size 1024K, 2 young (2048K), 2 survivors (2048K)
 Metaspace       used 46695K, committed 46976K, reserved 1114112K
  class space    used 5700K, committed 5824K, reserved 1048576K
}
Event: 14.890 GC heap before
{Heap before GC invocations=15 (full 0):
 garbage-first heap   total 78848K, used 54164K [0x0000000082600000, 0x0000000100000000)
  region size 1024K, 11 young (11264K), 2 survivors (2048K)
 Metaspace       used 47234K, committed 47488K, reserved 1114112K
  class space    used 5730K, committed 5824K, reserved 1048576K
}
Event: 14.909 GC heap after
{Heap after GC invocations=16 (full 0):
 garbage-first heap   total 78848K, used 48624K [0x0000000082600000, 0x0000000100000000)
  region size 1024K, 2 young (2048K), 2 survivors (2048K)
 Metaspace       used 47234K, committed 47488K, reserved 1114112K
  class space    used 5730K, committed 5824K, reserved 1048576K
}
Event: 15.011 GC heap before
{Heap before GC invocations=16 (full 0):
 garbage-first heap   total 78848K, used 48624K [0x0000000082600000, 0x0000000100000000)
  region size 1024K, 3 young (3072K), 2 survivors (2048K)
 Metaspace       used 47269K, committed 47488K, reserved 1114112K
  class space    used 5730K, committed 5824K, reserved 1048576K
}
Event: 15.023 GC heap after
{Heap after GC invocations=17 (full 0):
 garbage-first heap   total 108544K, used 48693K [0x0000000082600000, 0x0000000100000000)
  region size 1024K, 1 young (1024K), 1 survivors (1024K)
 Metaspace       used 47269K, committed 47488K, reserved 1114112K
  class space    used 5730K, committed 5824K, reserved 1048576K
}

