# JRE version: Java(TM) SE Runtime Environment (17.0.11+7) (build 17.0.11+7-LTS-207)
# Java VM: Java HotSpot(TM) 64-Bit Server VM (17.0.11+7-LTS-207, mixed mode, sharing, tiered, compressed oops, compressed class ptrs, g1 gc, windows-amd64)
GC Precious Log:
 CPUs: 12 total, 12 available
 Memory: 8038M
 Large Page Support: Disabled
 NUMA Support: Disabled
 Compressed Oops: Enabled (32-bit)
 Heap Region Size: 1M
 Heap Min Capacity: 8M
 Heap Initial Capacity: 126M
 Heap Max Capacity: 2010M
 Pre-touch: Disabled
 Parallel Workers: 10
 Concurrent Workers: 3
 Concurrent Refinement Workers: 10
 Periodic GC: Disabled
Heap:
 garbage-first heap   total 84992K, used 56001K [0x0000000082600000, 0x0000000100000000)
  region size 1024K, 7 young (7168K), 1 survivors (1024K)
 Metaspace       used 47623K, committed 47808K, reserved 1114112K
  class space    used 5724K, committed 5824K, reserved 1048576K
GC Heap History (20 events):
Event: 6.457 GC heap before
{Heap before GC invocations=4 (full 0):
 garbage-first heap   total 58368K, used 41034K [0x0000000082600000, 0x0000000100000000)
  region size 1024K, 34 young (34816K), 8 survivors (8192K)
 Metaspace       used 27330K, committed 27584K, reserved 1114112K
  class space    used 3553K, committed 3648K, reserved 1048576K
}
Event: 6.484 GC heap after
{Heap after GC invocations=5 (full 0):
 garbage-first heap   total 58368K, used 16853K [0x0000000082600000, 0x0000000100000000)
  region size 1024K, 3 young (3072K), 3 survivors (3072K)
 Metaspace       used 27330K, committed 27584K, reserved 1114112K
  class space    used 3553K, committed 3648K, reserved 1048576K
}
Event: 8.019 GC heap before
{Heap before GC invocations=6 (full 0):
 garbage-first heap   total 58368K, used 40405K [0x0000000082600000, 0x0000000100000000)
  region size 1024K, 27 young (27648K), 3 survivors (3072K)
 Metaspace       used 32965K, committed 33216K, reserved 1114112K
  class space    used 4080K, committed 4224K, reserved 1048576K
}
Event: 8.036 GC heap after
{Heap after GC invocations=7 (full 0):
 garbage-first heap   total 58368K, used 19550K [0x0000000082600000, 0x0000000100000000)
  region size 1024K, 4 young (4096K), 4 survivors (4096K)
 Metaspace       used 32965K, committed 33216K, reserved 1114112K
  class space    used 4080K, committed 4224K, reserved 1048576K
}
Event: 9.545 GC heap before
{Heap before GC invocations=7 (full 0):
 garbage-first heap   total 58368K, used 43102K [0x0000000082600000, 0x0000000100000000)
  region size 1024K, 27 young (27648K), 4 survivors (4096K)
 Metaspace       used 33837K, committed 34048K, reserved 1114112K
  class space    used 4126K, committed 4224K, reserved 1048576K
}
Event: 9.582 GC heap after
{Heap after GC invocations=8 (full 0):
 garbage-first heap   total 70656K, used 26233K [0x0000000082600000, 0x0000000100000000)
  region size 1024K, 4 young (4096K), 4 survivors (4096K)
 Metaspace       used 33837K, committed 34048K, reserved 1114112K
  class space    used 4126K, committed 4224K, reserved 1048576K
}
Event: 11.377 GC heap before
{Heap before GC invocations=8 (full 0):
 garbage-first heap   total 70656K, used 48761K [0x0000000082600000, 0x0000000100000000)
  region size 1024K, 27 young (27648K), 4 survivors (4096K)
 Metaspace       used 38268K, committed 38528K, reserved 1114112K
  class space    used 4602K, committed 4736K, reserved 1048576K
}
Event: 11.401 GC heap after
{Heap after GC invocations=9 (full 0):
 garbage-first heap   total 70656K, used 29165K [0x0000000082600000, 0x0000000100000000)
  region size 1024K, 3 young (3072K), 3 survivors (3072K)
 Metaspace       used 38268K, committed 38528K, reserved 1114112K
  class space    used 4602K, committed 4736K, reserved 1048576K
}
Event: 12.667 GC heap before
{Heap before GC invocations=9 (full 0):
 garbage-first heap   total 70656K, used 50669K [0x0000000082600000, 0x0000000100000000)
  region size 1024K, 25 young (25600K), 3 survivors (3072K)
 Metaspace       used 41262K, committed 41536K, reserved 1114112K
  class space    used 4938K, committed 5056K, reserved 1048576K
}
Event: 12.699 GC heap after
{Heap after GC invocations=10 (full 0):
 garbage-first heap   total 70656K, used 33294K [0x0000000082600000, 0x0000000100000000)
  region size 1024K, 4 young (4096K), 4 survivors (4096K)
 Metaspace       used 41262K, committed 41536K, reserved 1114112K
  class space    used 4938K, committed 5056K, reserved 1048576K
}
Event: 13.931 GC heap before
{Heap before GC invocations=10 (full 0):
 garbage-first heap   total 70656K, used 46606K [0x0000000082600000, 0x0000000100000000)
  region size 1024K, 18 young (18432K), 4 survivors (4096K)
 Metaspace       used 45815K, committed 46080K, reserved 1114112K
  class space    used 5564K, committed 5696K, reserved 1048576K
}
Event: 13.951 GC heap after
{Heap after GC invocations=11 (full 0):
 garbage-first heap   total 70656K, used 34766K [0x0000000082600000, 0x0000000100000000)
  region size 1024K, 2 young (2048K), 2 survivors (2048K)
 Metaspace       used 45815K, committed 46080K, reserved 1114112K
  class space    used 5564K, committed 5696K, reserved 1048576K
}
Event: 15.500 GC heap before
{Heap before GC invocations=12 (full 0):
 garbage-first heap   total 70656K, used 53198K [0x0000000082600000, 0x0000000100000000)
  region size 1024K, 20 young (20480K), 2 survivors (2048K)
 Metaspace       used 47128K, committed 47424K, reserved 1114112K
  class space    used 5691K, committed 5824K, reserved 1048576K
}
Event: 15.523 GC heap after
{Heap after GC invocations=13 (full 0):
 garbage-first heap   total 70656K, used 39729K [0x0000000082600000, 0x0000000100000000)
  region size 1024K, 3 young (3072K), 3 survivors (3072K)
 Metaspace       used 47128K, committed 47424K, reserved 1114112K
  class space    used 5691K, committed 5824K, reserved 1048576K
}
Event: 15.680 GC heap before
{Heap before GC invocations=13 (full 0):
 garbage-first heap   total 70656K, used 42801K [0x0000000082600000, 0x0000000100000000)
  region size 1024K, 7 young (7168K), 3 survivors (3072K)
 Metaspace       used 47429K, committed 47680K, reserved 1114112K
  class space    used 5713K, committed 5824K, reserved 1048576K
}
Event: 15.695 GC heap after
{Heap after GC invocations=14 (full 0):
 garbage-first heap   total 84992K, used 40942K [0x0000000082600000, 0x0000000100000000)
  region size 1024K, 1 young (1024K), 1 survivors (1024K)
 Metaspace       used 47429K, committed 47680K, reserved 1114112K
  class space    used 5713K, committed 5824K, reserved 1048576K
}
Event: 15.888 GC heap before
{Heap before GC invocations=15 (full 0):
 garbage-first heap   total 84992K, used 64494K [0x0000000082600000, 0x0000000100000000)
  region size 1024K, 23 young (23552K), 1 survivors (1024K)
 Metaspace       used 47509K, committed 47744K, reserved 1114112K
  class space    used 5713K, committed 5824K, reserved 1048576K
}
Event: 15.907 GC heap after
{Heap after GC invocations=16 (full 0):
 garbage-first heap   total 84992K, used 49854K [0x0000000082600000, 0x0000000100000000)
  region size 1024K, 3 young (3072K), 3 survivors (3072K)
 Metaspace       used 47509K, committed 47744K, reserved 1114112K
  class space    used 5713K, committed 5824K, reserved 1048576K
}
Event: 15.924 GC heap before
{Heap before GC invocations=16 (full 0):
 garbage-first heap   total 84992K, used 50878K [0x0000000082600000, 0x0000000100000000)
  region size 1024K, 4 young (4096K), 3 survivors (3072K)
 Metaspace       used 47511K, committed 47744K, reserved 1114112K
  class space    used 5713K, committed 5824K, reserved 1048576K
}
Event: 15.931 GC heap after
{Heap after GC invocations=17 (full 0):
 garbage-first heap   total 84992K, used 50881K [0x0000000082600000, 0x0000000100000000)
  region size 1024K, 1 young (1024K), 1 survivors (1024K)
 Metaspace       used 47511K, committed 47744K, reserved 1114112K
  class space    used 5713K, committed 5824K, reserved 1048576K
}

